14-Feb-2026 23:19:17.195 INFO [main] org.apache.catalina.startup.VersionLoggerListener.log Server version name:   Apache Tomcat/9.0.115
14-Feb-2026 23:19:17.201 INFO [main] org.apache.catalina.startup.VersionLoggerListener.log Server built:          Jan 21 2026 08:17:26 UTC
14-Feb-2026 23:19:17.202 INFO [main] org.apache.catalina.startup.VersionLoggerListener.log Server version number: 9.0.115.0
14-Feb-2026 23:19:17.202 INFO [main] org.apache.catalina.startup.VersionLoggerListener.log OS Name:               Windows 11
14-Feb-2026 23:19:17.202 INFO [main] org.apache.catalina.startup.VersionLoggerListener.log OS Version:            10.0
14-Feb-2026 23:19:17.202 INFO [main] org.apache.catalina.startup.VersionLoggerListener.log Architecture:          amd64
14-Feb-2026 23:19:17.204 INFO [main] org.apache.catalina.startup.VersionLoggerListener.log Java Home:             C:\Users\himan\.jdks\openjdk-25.0.1
14-Feb-2026 23:19:17.204 INFO [main] org.apache.catalina.startup.VersionLoggerListener.log JVM Version:           25.0.1+8-27
14-Feb-2026 23:19:17.204 INFO [main] org.apache.catalina.startup.VersionLoggerListener.log JVM Vendor:            Oracle Corporation
14-Feb-2026 23:19:17.204 INFO [main] org.apache.catalina.startup.VersionLoggerListener.log CATALINA_BASE:         C:\Users\himan\IdeaProjects\MonthelyEx
14-Feb-2026 23:19:17.204 INFO [main] org.apache.catalina.startup.VersionLoggerListener.log CATALINA_HOME:         C:\Program Files (x86)\Apache\apache-tomcat-9.0.115 (1)\apache-tomcat-9.0.115
14-Feb-2026 23:19:17.219 INFO [main] org.apache.catalina.startup.VersionLoggerListener.log Command line argument: --add-opens=java.base/java.lang=ALL-UNNAMED
14-Feb-2026 23:19:17.219 INFO [main] org.apache.catalina.startup.VersionLoggerListener.log Command line argument: --add-opens=java.base/java.io=ALL-UNNAMED
14-Feb-2026 23:19:17.221 INFO [main] org.apache.catalina.startup.VersionLoggerListener.log Command line argument: --add-opens=java.base/java.util=ALL-UNNAMED
14-Feb-2026 23:19:17.221 INFO [main] org.apache.catalina.startup.VersionLoggerListener.log Command line argument: --add-opens=java.base/java.util.concurrent=ALL-UNNAMED
14-Feb-2026 23:19:17.221 INFO [main] org.apache.catalina.startup.VersionLoggerListener.log Command line argument: --add-opens=java.rmi/sun.rmi.transport=ALL-UNNAMED
14-Feb-2026 23:19:17.221 INFO [main] org.apache.catalina.startup.VersionLoggerListener.log Command line argument: -Dcatalina.home=C:\Program Files (x86)\Apache\apache-tomcat-9.0.115 (1)\apache-tomcat-9.0.115
14-Feb-2026 23:19:17.221 INFO [main] org.apache.catalina.startup.VersionLoggerListener.log Command line argument: -Dcatalina.base=C:\Users\himan\IdeaProjects\MonthelyEx
14-Feb-2026 23:19:17.221 INFO [main] org.apache.catalina.startup.VersionLoggerListener.log Command line argument: -Djava.io.tmpdir=C:\Users\himan\IdeaProjects\MonthelyEx\temp
14-Feb-2026 23:19:17.221 INFO [main] org.apache.catalina.startup.VersionLoggerListener.log Command line argument: -Djava.util.logging.config.file=C:\Users\himan\IdeaProjects\MonthelyEx\conf\logging.properties
14-Feb-2026 23:19:17.221 INFO [main] org.apache.catalina.startup.VersionLoggerListener.log Command line argument: -Djava.util.logging.manager=org.apache.juli.ClassLoaderLogManager
14-Feb-2026 23:19:17.221 INFO [main] org.apache.catalina.startup.VersionLoggerListener.log Command line argument: -javaagent:C:\Program Files\JetBrains\IntelliJ IDEA Community Edition 2025.2.1\lib\idea_rt.jar=62741
14-Feb-2026 23:19:17.221 INFO [main] org.apache.catalina.startup.VersionLoggerListener.log Command line argument: -Dfile.encoding=UTF-8
14-Feb-2026 23:19:17.222 INFO [main] org.apache.catalina.startup.VersionLoggerListener.log Command line argument: -Dsun.stdout.encoding=UTF-8
14-Feb-2026 23:19:17.222 INFO [main] org.apache.catalina.startup.VersionLoggerListener.log Command line argument: -Dsun.stderr.encoding=UTF-8
14-Feb-2026 23:19:17.234 INFO [main] org.apache.catalina.core.AprLifecycleListener.lifecycleEvent The Apache Tomcat Native library which allows using OpenSSL was not found on the java.library.path: [C:\Users\himan\.jdks\openjdk-25.0.1\bin;C:\WINDOWS\Sun\Java\bin;C:\WINDOWS\system32;C:\WINDOWS;C:\Program Files (x86)\VMware\VMware Workstation\bin\;C:\Program Files\Common Files\Oracle\Java\javapath;C:\Python313\Scripts\;C:\Python313\;C:\WINDOWS\system32;C:\WINDOWS;C:\WINDOWS\System32\Wbem;C:\WINDOWS\System32\WindowsPowerShell\v1.0\;C:\WINDOWS\System32\OpenSSH\;C:\Program Files\nodejs\;C:\ProgramData\chocolatey\bin;C:\Program Files\Git\cmd;C:\Program Files\MySQL\MySQL Shell 8.0\bin\;C:\Users\himan\AppData\Local\Microsoft\WindowsApps;C:\Users\himan\AppData\Roaming\npm;C:\Users\himan\AppData\Local\Programs\Microsoft VS Code\bin;C:\mingw64\bin;C:\Program Files\PostgreSQL\18\bin;;.]
14-Feb-2026 23:19:17.891 INFO [main] org.apache.coyote.AbstractProtocol.init Initializing ProtocolHandler ["http-nio-8002"]
14-Feb-2026 23:19:17.922 INFO [main] org.apache.catalina.startup.Catalina.load Server initialization in [1183] milliseconds
14-Feb-2026 23:19:18.009 INFO [main] org.apache.catalina.core.StandardService.startInternal Starting service [Catalina]
14-Feb-2026 23:19:18.009 INFO [main] org.apache.catalina.core.StandardEngine.startInternal Starting Servlet engine: [Apache Tomcat/9.0.115]
14-Feb-2026 23:19:18.023 INFO [main] org.apache.catalina.startup.HostConfig.deployDescriptor Deploying deployment descriptor [C:\Users\himan\IdeaProjects\MonthelyEx\conf\Catalina\localhost\MonthelyEx.xml]
14-Feb-2026 23:19:18.748 INFO [main] org.apache.catalina.startup.HostConfig.deployDescriptor Deployment of deployment descriptor [C:\Users\himan\IdeaProjects\MonthelyEx\conf\Catalina\localhost\MonthelyEx.xml] has finished in [717] ms
14-Feb-2026 23:19:18.756 INFO [main] org.apache.coyote.AbstractProtocol.start Starting ProtocolHandler ["http-nio-8002"]
14-Feb-2026 23:19:18.808 INFO [main] org.apache.catalina.startup.Catalina.start Server startup in [883] milliseconds
14-Feb-2026 23:20:24.033 INFO [Thread-1] org.apache.coyote.AbstractProtocol.pause Pausing ProtocolHandler ["http-nio-8002"]
14-Feb-2026 23:20:24.063 INFO [Thread-1] org.apache.catalina.core.StandardService.stopInternal Stopping service [Catalina]
14-Feb-2026 23:20:24.091 INFO [Thread-1] org.apache.coyote.AbstractProtocol.stop Stopping ProtocolHandler ["http-nio-8002"]
14-Feb-2026 23:20:24.101 INFO [Thread-1] org.apache.coyote.AbstractProtocol.destroy Destroying ProtocolHandler ["http-nio-8002"]
14-Feb-2026 23:20:28.080 INFO [main] org.apache.catalina.startup.VersionLoggerListener.log Server version name:   Apache Tomcat/9.0.115
14-Feb-2026 23:20:28.084 INFO [main] org.apache.catalina.startup.VersionLoggerListener.log Server built:          Jan 21 2026 08:17:26 UTC
14-Feb-2026 23:20:28.084 INFO [main] org.apache.catalina.startup.VersionLoggerListener.log Server version number: 9.0.115.0
14-Feb-2026 23:20:28.085 INFO [main] org.apache.catalina.startup.VersionLoggerListener.log OS Name:               Windows 11
14-Feb-2026 23:20:28.085 INFO [main] org.apache.catalina.startup.VersionLoggerListener.log OS Version:            10.0
14-Feb-2026 23:20:28.085 INFO [main] org.apache.catalina.startup.VersionLoggerListener.log Architecture:          amd64
14-Feb-2026 23:20:28.085 INFO [main] org.apache.catalina.startup.VersionLoggerListener.log Java Home:             C:\Users\himan\.jdks\openjdk-25.0.1
14-Feb-2026 23:20:28.085 INFO [main] org.apache.catalina.startup.VersionLoggerListener.log JVM Version:           25.0.1+8-27
14-Feb-2026 23:20:28.086 INFO [main] org.apache.catalina.startup.VersionLoggerListener.log JVM Vendor:            Oracle Corporation
14-Feb-2026 23:20:28.086 INFO [main] org.apache.catalina.startup.VersionLoggerListener.log CATALINA_BASE:         C:\Users\himan\IdeaProjects\MonthelyEx
14-Feb-2026 23:20:28.086 INFO [main] org.apache.catalina.startup.VersionLoggerListener.log CATALINA_HOME:         C:\Program Files (x86)\Apache\apache-tomcat-9.0.115 (1)\apache-tomcat-9.0.115
14-Feb-2026 23:20:28.098 INFO [main] org.apache.catalina.startup.VersionLoggerListener.log Command line argument: --add-opens=java.base/java.lang=ALL-UNNAMED
14-Feb-2026 23:20:28.099 INFO [main] org.apache.catalina.startup.VersionLoggerListener.log Command line argument: --add-opens=java.base/java.io=ALL-UNNAMED
14-Feb-2026 23:20:28.099 INFO [main] org.apache.catalina.startup.VersionLoggerListener.log Command line argument: --add-opens=java.base/java.util=ALL-UNNAMED
14-Feb-2026 23:20:28.099 INFO [main] org.apache.catalina.startup.VersionLoggerListener.log Command line argument: --add-opens=java.base/java.util.concurrent=ALL-UNNAMED
14-Feb-2026 23:20:28.099 INFO [main] org.apache.catalina.startup.VersionLoggerListener.log Command line argument: --add-opens=java.rmi/sun.rmi.transport=ALL-UNNAMED
14-Feb-2026 23:20:28.100 INFO [main] org.apache.catalina.startup.VersionLoggerListener.log Command line argument: -Dcatalina.home=C:\Program Files (x86)\Apache\apache-tomcat-9.0.115 (1)\apache-tomcat-9.0.115
14-Feb-2026 23:20:28.100 INFO [main] org.apache.catalina.startup.VersionLoggerListener.log Command line argument: -Dcatalina.base=C:\Users\himan\IdeaProjects\MonthelyEx
14-Feb-2026 23:20:28.100 INFO [main] org.apache.catalina.startup.VersionLoggerListener.log Command line argument: -Djava.io.tmpdir=C:\Users\himan\IdeaProjects\MonthelyEx\temp
14-Feb-2026 23:20:28.100 INFO [main] org.apache.catalina.startup.VersionLoggerListener.log Command line argument: -Djava.util.logging.config.file=C:\Users\himan\IdeaProjects\MonthelyEx\conf\logging.properties
14-Feb-2026 23:20:28.100 INFO [main] org.apache.catalina.startup.VersionLoggerListener.log Command line argument: -Djava.util.logging.manager=org.apache.juli.ClassLoaderLogManager
14-Feb-2026 23:20:28.100 INFO [main] org.apache.catalina.startup.VersionLoggerListener.log Command line argument: -javaagent:C:\Program Files\JetBrains\IntelliJ IDEA Community Edition 2025.2.1\lib\idea_rt.jar=51121
14-Feb-2026 23:20:28.101 INFO [main] org.apache.catalina.startup.VersionLoggerListener.log Command line argument: -Dfile.encoding=UTF-8
14-Feb-2026 23:20:28.102 INFO [main] org.apache.catalina.startup.VersionLoggerListener.log Command line argument: -Dsun.stdout.encoding=UTF-8
14-Feb-2026 23:20:28.102 INFO [main] org.apache.catalina.startup.VersionLoggerListener.log Command line argument: -Dsun.stderr.encoding=UTF-8
14-Feb-2026 23:20:28.117 INFO [main] org.apache.catalina.core.AprLifecycleListener.lifecycleEvent The Apache Tomcat Native library which allows using OpenSSL was not found on the java.library.path: [C:\Users\himan\.jdks\openjdk-25.0.1\bin;C:\WINDOWS\Sun\Java\bin;C:\WINDOWS\system32;C:\WINDOWS;C:\Program Files (x86)\VMware\VMware Workstation\bin\;C:\Program Files\Common Files\Oracle\Java\javapath;C:\Python313\Scripts\;C:\Python313\;C:\WINDOWS\system32;C:\WINDOWS;C:\WINDOWS\System32\Wbem;C:\WINDOWS\System32\WindowsPowerShell\v1.0\;C:\WINDOWS\System32\OpenSSH\;C:\Program Files\nodejs\;C:\ProgramData\chocolatey\bin;C:\Program Files\Git\cmd;C:\Program Files\MySQL\MySQL Shell 8.0\bin\;C:\Users\himan\AppData\Local\Microsoft\WindowsApps;C:\Users\himan\AppData\Roaming\npm;C:\Users\himan\AppData\Local\Programs\Microsoft VS Code\bin;C:\mingw64\bin;C:\Program Files\PostgreSQL\18\bin;;.]
14-Feb-2026 23:20:28.670 INFO [main] org.apache.coyote.AbstractProtocol.init Initializing ProtocolHandler ["http-nio-8002"]
14-Feb-2026 23:20:28.697 INFO [main] org.apache.catalina.startup.Catalina.load Server initialization in [1045] milliseconds
14-Feb-2026 23:20:28.762 INFO [main] org.apache.catalina.core.StandardService.startInternal Starting service [Catalina]
14-Feb-2026 23:20:28.762 INFO [main] org.apache.catalina.core.StandardEngine.startInternal Starting Servlet engine: [Apache Tomcat/9.0.115]
14-Feb-2026 23:20:28.776 INFO [main] org.apache.catalina.startup.HostConfig.deployDescriptor Deploying deployment descriptor [C:\Users\himan\IdeaProjects\MonthelyEx\conf\Catalina\localhost\MonthelyEx.xml]
14-Feb-2026 23:20:29.375 INFO [main] org.apache.catalina.startup.HostConfig.deployDescriptor Deployment of deployment descriptor [C:\Users\himan\IdeaProjects\MonthelyEx\conf\Catalina\localhost\MonthelyEx.xml] has finished in [594] ms
14-Feb-2026 23:20:29.384 INFO [main] org.apache.coyote.AbstractProtocol.start Starting ProtocolHandler ["http-nio-8002"]
14-Feb-2026 23:20:29.439 INFO [main] org.apache.catalina.startup.Catalina.start Server startup in [737] milliseconds
14-Feb-2026 23:21:16.421 INFO [Thread-1] org.apache.coyote.AbstractProtocol.pause Pausing ProtocolHandler ["http-nio-8002"]
14-Feb-2026 23:21:16.436 INFO [Thread-1] org.apache.catalina.core.StandardService.stopInternal Stopping service [Catalina]
14-Feb-2026 23:21:16.450 INFO [Thread-1] org.apache.coyote.AbstractProtocol.stop Stopping ProtocolHandler ["http-nio-8002"]
14-Feb-2026 23:21:16.459 INFO [Thread-1] org.apache.coyote.AbstractProtocol.destroy Destroying ProtocolHandler ["http-nio-8002"]
